<?xml version="1.0" encoding="UTF-8"?>
<testng-results skipped="0" failed="0" ignored="0" total="4" passed="4">
  <reporter-output>
  </reporter-output>
  <suite name="Suite1" duration-ms="401404" started-at="2021-01-23T20:33:11Z" finished-at="2021-01-23T20:39:53Z">
    <groups>
    </groups>
    <test name="Command line test 41e52408-ba4c-47d0-87b9-ad9dc313c668" duration-ms="401404" started-at="2021-01-23T20:33:11Z" finished-at="2021-01-23T20:39:53Z">
      <class name="org.testing.TestScripts.TC7">
        <test-method status="PASS" signature="launch_base()[pri:0, instance:org.testing.TestScripts.TC7@26ba2a48]" name="launch_base" is-config="true" duration-ms="10473" started-at="2021-01-23T20:37:59Z" finished-at="2021-01-23T20:38:10Z">
          <reporter-output>
          </reporter-output>
        </test-method> <!-- launch_base -->
        <test-method status="PASS" signature="testcase6()[pri:0, instance:org.testing.TestScripts.TC7@26ba2a48]" name="testcase6" duration-ms="89806" started-at="2021-01-23T20:38:10Z" finished-at="2021-01-23T20:39:40Z">
          <reporter-output>
          </reporter-output>
        </test-method> <!-- testcase6 -->
        <test-method status="PASS" signature="close_base()[pri:0, instance:org.testing.TestScripts.TC7@26ba2a48]" name="close_base" is-config="true" duration-ms="13331" started-at="2021-01-23T20:39:40Z" finished-at="2021-01-23T20:39:53Z">
          <reporter-output>
          </reporter-output>
        </test-method> <!-- close_base -->
      </class> <!-- org.testing.TestScripts.TC7 -->
      <class name="org.testing.TestScripts.TC4">
        <test-method status="PASS" signature="launch_base()[pri:0, instance:org.testing.TestScripts.TC4@42d3bd8b]" name="launch_base" is-config="true" duration-ms="10011" started-at="2021-01-23T20:36:14Z" finished-at="2021-01-23T20:36:24Z">
          <reporter-output>
          </reporter-output>
        </test-method> <!-- launch_base -->
        <test-method status="PASS" signature="testcase4()[pri:0, instance:org.testing.TestScripts.TC4@42d3bd8b]" name="testcase4" duration-ms="81749" started-at="2021-01-23T20:36:24Z" finished-at="2021-01-23T20:37:46Z">
          <reporter-output>
          </reporter-output>
        </test-method> <!-- testcase4 -->
        <test-method status="PASS" signature="close_base()[pri:0, instance:org.testing.TestScripts.TC4@42d3bd8b]" name="close_base" is-config="true" duration-ms="13317" started-at="2021-01-23T20:37:46Z" finished-at="2021-01-23T20:37:59Z">
          <reporter-output>
          </reporter-output>
        </test-method> <!-- close_base -->
      </class> <!-- org.testing.TestScripts.TC4 -->
      <class name="org.testing.TestScripts.TC3">
        <test-method status="PASS" signature="launch_base()[pri:0, instance:org.testing.TestScripts.TC3@dfd3711]" name="launch_base" is-config="true" duration-ms="10398" started-at="2021-01-23T20:34:47Z" finished-at="2021-01-23T20:34:57Z">
          <reporter-output>
          </reporter-output>
        </test-method> <!-- launch_base -->
        <test-method status="PASS" signature="testcase3()[pri:0, instance:org.testing.TestScripts.TC3@dfd3711]" name="testcase3" duration-ms="63407" started-at="2021-01-23T20:34:57Z" finished-at="2021-01-23T20:36:01Z">
          <reporter-output>
          </reporter-output>
        </test-method> <!-- testcase3 -->
        <test-method status="PASS" signature="close_base()[pri:0, instance:org.testing.TestScripts.TC3@dfd3711]" name="close_base" is-config="true" duration-ms="13328" started-at="2021-01-23T20:36:01Z" finished-at="2021-01-23T20:36:14Z">
          <reporter-output>
          </reporter-output>
        </test-method> <!-- close_base -->
      </class> <!-- org.testing.TestScripts.TC3 -->
      <class name="org.testing.TestScripts.TC1">
        <test-method status="PASS" signature="launch_base()[pri:0, instance:org.testing.TestScripts.TC1@38082d64]" name="launch_base" is-config="true" duration-ms="13285" started-at="2021-01-23T20:33:12Z" finished-at="2021-01-23T20:33:25Z">
          <reporter-output>
          </reporter-output>
        </test-method> <!-- launch_base -->
        <test-method status="PASS" signature="testcase1()[pri:0, instance:org.testing.TestScripts.TC1@38082d64]" name="testcase1" duration-ms="68913" started-at="2021-01-23T20:33:25Z" finished-at="2021-01-23T20:34:34Z">
          <reporter-output>
          </reporter-output>
        </test-method> <!-- testcase1 -->
        <test-method status="PASS" signature="close_base()[pri:0, instance:org.testing.TestScripts.TC1@38082d64]" name="close_base" is-config="true" duration-ms="13330" started-at="2021-01-23T20:34:34Z" finished-at="2021-01-23T20:34:47Z">
          <reporter-output>
          </reporter-output>
        </test-method> <!-- close_base -->
      </class> <!-- org.testing.TestScripts.TC1 -->
    </test> <!-- Command line test 41e52408-ba4c-47d0-87b9-ad9dc313c668 -->
  </suite> <!-- Suite1 -->
</testng-results>
