<?xml version="1.0" encoding="UTF-8"?>
<!-- Generated by org.testng.reporters.JUnitXMLReporter -->
<testsuite hostname="WS-HP-5CG6326SJ6" ignored="0" name="Test" tests="8" failures="0" timestamp="05 Jan 2021 18:08:30 GMT" time="693.258" errors="0">
  <testcase name="testcase1" time="46.795" classname="org.testing.TestScripts.TC1"/>
  <testcase name="testcase2" time="47.481" classname="org.testing.TestScripts.TC2"/>
  <testcase name="testcase3" time="47.421" classname="org.testing.TestScripts.TC3"/>
  <testcase name="testcase4" time="61.052" classname="org.testing.TestScripts.TC4"/>
  <testcase name="testcase5" time="73.715" classname="org.testing.TestScripts.TC5"/>
  <testcase name="testcase6" time="84.021" classname="org.testing.TestScripts.TC6"/>
  <testcase name="testcase6" time="78.725" classname="org.testing.TestScripts.TC7"/>
  <testcase name="testcase8" time="48.178" classname="org.testing.TestScripts.TC8"/>
</testsuite> <!-- Test -->
