<?xml version="1.0" encoding="UTF-8"?>
<!-- Generated by org.testng.reporters.JUnitXMLReporter -->
<testsuite hostname="WS-HP-5CG6326SJ6" ignored="0" name="Command line test 3bc976d2-34d6-4626-bb3e-46e38025fa51" tests="4" failures="0" timestamp="23 Jan 2021 20:30:24 GMT" time="402.092" errors="0">
  <testcase name="testcase1" time="67.434" classname="org.testing.TestScripts.TC1"/>
  <testcase name="testcase3" time="63.065" classname="org.testing.TestScripts.TC3"/>
  <testcase name="testcase4" time="82.313" classname="org.testing.TestScripts.TC4"/>
  <testcase name="testcase6" time="94.224" classname="org.testing.TestScripts.TC7"/>
</testsuite> <!-- Command line test 3bc976d2-34d6-4626-bb3e-46e38025fa51 -->
