<?xml version="1.0" encoding="UTF-8"?>
<!-- Generated by org.testng.reporters.JUnitXMLReporter -->
<testsuite hostname="WS-HP-5CG6326SJ6" ignored="0" name="Command line test 41e52408-ba4c-47d0-87b9-ad9dc313c668" tests="4" failures="0" timestamp="23 Jan 2021 20:39:53 GMT" time="401.404" errors="0">
  <testcase name="testcase1" time="68.913" classname="org.testing.TestScripts.TC1"/>
  <testcase name="testcase3" time="63.407" classname="org.testing.TestScripts.TC3"/>
  <testcase name="testcase4" time="81.749" classname="org.testing.TestScripts.TC4"/>
  <testcase name="testcase6" time="89.806" classname="org.testing.TestScripts.TC7"/>
</testsuite> <!-- Command line test 41e52408-ba4c-47d0-87b9-ad9dc313c668 -->
